<?xml version="1.0" encoding="UTF-8"?>
<testsuite name="com.jojoldu.Book.springboot.HelloControllerTest" tests="2" skipped="0" failures="0" errors="0" timestamp="2020-08-25T04:11:58" hostname="LAPTOP-TMETNOGJ" time="0.219">
  <properties/>
  <testcase name="dto를_리턴한다" classname="com.jojoldu.Book.springboot.HelloControllerTest" time="0.207"/>
  <testcase name="hello가_리턴된다" classname="com.jojoldu.Book.springboot.HelloControllerTest" time="0.011"/>
  <system-out><![CDATA[2020-08-25 13:11:57.542  INFO 6116 --- [    Test worker] .b.t.a.w.s.WebMvcTestContextBootstrapper : Neither @ContextConfiguration nor @ContextHierarchy found for test class [com.jojoldu.Book.springboot.HelloControllerTest], using SpringBootContextLoader
2020-08-25 13:11:57.544  INFO 6116 --- [    Test worker] o.s.t.c.support.AbstractContextLoader    : Could not detect default resource locations for test class [com.jojoldu.Book.springboot.HelloControllerTest]: no resource found for suffixes {-context.xml, Context.groovy}.
2020-08-25 13:11:57.544  INFO 6116 --- [    Test worker] t.c.s.AnnotationConfigContextLoaderUtils : Could not detect default configuration classes for test class [com.jojoldu.Book.springboot.HelloControllerTest]: HelloControllerTest does not declare any static, non-private, non-final, nested classes annotated with @Configuration.
2020-08-25 13:11:57.577  INFO 6116 --- [    Test worker] .b.t.c.SpringBootTestContextBootstrapper : Found @SpringBootConfiguration com.jojoldu.Book.springboot.Application for test class com.jojoldu.Book.springboot.HelloControllerTest
2020-08-25 13:11:57.578  INFO 6116 --- [    Test worker] .b.t.a.w.s.WebMvcTestContextBootstrapper : Loaded default TestExecutionListener class names from location [META-INF/spring.factories]: [org.springframework.security.test.context.support.WithSecurityContextTestExecutionListener, org.springframework.security.test.context.support.ReactorContextTestExecutionListener, org.springframework.boot.test.autoconfigure.restdocs.RestDocsTestExecutionListener, org.springframework.boot.test.autoconfigure.web.client.MockRestServiceServerResetTestExecutionListener, org.springframework.boot.test.autoconfigure.web.servlet.MockMvcPrintOnlyOnFailureTestExecutionListener, org.springframework.boot.test.autoconfigure.web.servlet.WebDriverTestExecutionListener, org.springframework.boot.test.mock.mockito.MockitoTestExecutionListener, org.springframework.boot.test.mock.mockito.ResetMocksTestExecutionListener, org.springframework.test.context.web.ServletTestExecutionListener, org.springframework.test.context.support.DirtiesContextBeforeModesTestExecutionListener, org.springframework.test.context.support.DependencyInjectionTestExecutionListener, org.springframework.test.context.support.DirtiesContextTestExecutionListener, org.springframework.test.context.transaction.TransactionalTestExecutionListener, org.springframework.test.context.jdbc.SqlScriptsTestExecutionListener]
2020-08-25 13:11:57.580  INFO 6116 --- [    Test worker] .b.t.a.w.s.WebMvcTestContextBootstrapper : Using TestExecutionListeners: [org.springframework.test.context.web.ServletTestExecutionListener@56860662, org.springframework.test.context.support.DirtiesContextBeforeModesTestExecutionListener@5644ef66, org.springframework.boot.test.mock.mockito.MockitoTestExecutionListener@7bbdc8a4, org.springframework.boot.test.autoconfigure.SpringBootDependencyInjectionTestExecutionListener@ad909c6, org.springframework.test.context.support.DirtiesContextTestExecutionListener@6c8abbe9, org.springframework.test.context.transaction.TransactionalTestExecutionListener@1dc456c1, org.springframework.test.context.jdbc.SqlScriptsTestExecutionListener@8294535, org.springframework.security.test.context.support.WithSecurityContextTestExecutionListener@4afceacf, org.springframework.security.test.context.support.ReactorContextTestExecutionListener@7390458a, org.springframework.boot.test.autoconfigure.restdocs.RestDocsTestExecutionListener@4cdd6767, org.springframework.boot.test.autoconfigure.web.client.MockRestServiceServerResetTestExecutionListener@e9f8324, org.springframework.boot.test.autoconfigure.web.servlet.MockMvcPrintOnlyOnFailureTestExecutionListener@2398baaa, org.springframework.boot.test.autoconfigure.web.servlet.WebDriverTestExecutionListener@52d50746, org.springframework.boot.test.mock.mockito.ResetMocksTestExecutionListener@7594b424]

  .   ____          _            __ _ _
 /\\ / ___'_ __ _ _(_)_ __  __ _ \ \ \ \
( ( )\___ | '_ | '_| | '_ \/ _` | \ \ \ \
 \\/  ___)| |_)| | | | | || (_| |  ) ) ) )
  '  |____| .__|_| |_|_| |_\__, | / / / /
 =========|_|==============|___/=/_/_/_/
 :: Spring Boot ::        (v2.1.7.RELEASE)

2020-08-25 13:11:57.643  INFO 6116 --- [    Test worker] c.j.Book.springboot.HelloControllerTest  : Starting HelloControllerTest on LAPTOP-TMETNOGJ with PID 6116 (started by chosu in C:\dev_webStudy\SpringBootWithAWS)
2020-08-25 13:11:57.644  INFO 6116 --- [    Test worker] c.j.Book.springboot.HelloControllerTest  : No active profile set, falling back to default profiles: default
2020-08-25 13:11:58.369  INFO 6116 --- [    Test worker] o.s.s.concurrent.ThreadPoolTaskExecutor  : Initializing ExecutorService 'applicationTaskExecutor'
2020-08-25 13:11:58.411  INFO 6116 --- [    Test worker] o.s.b.a.w.s.WelcomePageHandlerMapping    : Adding welcome page template: index
2020-08-25 13:11:58.728  INFO 6116 --- [    Test worker] .s.s.UserDetailsServiceAutoConfiguration : 

Using generated security password: 8a0488b5-122e-4848-b6ce-cd2c52490fdc

2020-08-25 13:11:58.901  INFO 6116 --- [    Test worker] o.s.s.web.DefaultSecurityFilterChain     : Creating filter chain: any request, [org.springframework.security.web.context.request.async.WebAsyncManagerIntegrationFilter@1d87765, org.springframework.security.web.context.SecurityContextPersistenceFilter@7287b3f1, org.springframework.security.web.header.HeaderWriterFilter@38258cdf, org.springframework.security.web.csrf.CsrfFilter@26d1603, org.springframework.security.web.authentication.logout.LogoutFilter@1d343130, org.springframework.security.web.authentication.UsernamePasswordAuthenticationFilter@6e4e1a46, org.springframework.security.web.authentication.ui.DefaultLoginPageGeneratingFilter@7f0ff765, org.springframework.security.web.authentication.ui.DefaultLogoutPageGeneratingFilter@18414948, org.springframework.security.web.authentication.www.BasicAuthenticationFilter@8f35a9a, org.springframework.security.web.savedrequest.RequestCacheAwareFilter@2b4cfe7a, org.springframework.security.web.servletapi.SecurityContextHolderAwareRequestFilter@3f9bdcb8, org.springframework.security.web.authentication.AnonymousAuthenticationFilter@af4e750, org.springframework.security.web.session.SessionManagementFilter@529248d6, org.springframework.security.web.access.ExceptionTranslationFilter@91a111a, org.springframework.security.web.access.intercept.FilterSecurityInterceptor@7118e460]
2020-08-25 13:11:58.926  INFO 6116 --- [    Test worker] o.s.b.t.m.w.SpringBootMockServletContext : Initializing Spring TestDispatcherServlet ''
2020-08-25 13:11:58.926  INFO 6116 --- [    Test worker] o.s.t.web.servlet.TestDispatcherServlet  : Initializing Servlet ''
2020-08-25 13:11:58.941  INFO 6116 --- [    Test worker] o.s.t.web.servlet.TestDispatcherServlet  : Completed initialization in 15 ms
2020-08-25 13:11:58.982  INFO 6116 --- [    Test worker] c.j.Book.springboot.HelloControllerTest  : Started HelloControllerTest in 1.398 seconds (JVM running for 12.958)
]]></system-out>
  <system-err><![CDATA[]]></system-err>
</testsuite>
