<?xml version="1.0" encoding="UTF-8"?>
<testsuite name="com.jojoldu.Book.springboot.dto.HelloResponseDtoTest" tests="1" skipped="0" failures="0" errors="0" timestamp="2020-08-25T04:11:57" hostname="LAPTOP-TMETNOGJ" time="0.005">
  <properties/>
  <testcase name="lombok_test" classname="com.jojoldu.Book.springboot.dto.HelloResponseDtoTest" time="0.005"/>
  <system-out><![CDATA[]]></system-out>
  <system-err><![CDATA[]]></system-err>
</testsuite>
