<?xml version="1.0" encoding="UTF-8"?>
<testsuite name="com.jojoldu.Book.springboot.web.PostsApiControllerTest" tests="2" skipped="0" failures="0" errors="0" timestamp="2020-07-21T09:57:30" hostname="LAPTOP-TMETNOGJ" time="0.119">
  <properties/>
  <testcase name="Posts_등록된다" classname="com.jojoldu.Book.springboot.web.PostsApiControllerTest" time="0.088"/>
  <testcase name="Posts_수정된다" classname="com.jojoldu.Book.springboot.web.PostsApiControllerTest" time="0.03"/>
  <system-out><![CDATA[2020-07-21 18:57:30.234  INFO 12388 --- [    Test worker] .b.t.c.SpringBootTestContextBootstrapper : Neither @ContextConfiguration nor @ContextHierarchy found for test class [com.jojoldu.Book.springboot.web.PostsApiControllerTest], using SpringBootContextLoader
2020-07-21 18:57:30.235  INFO 12388 --- [    Test worker] o.s.t.c.support.AbstractContextLoader    : Could not detect default resource locations for test class [com.jojoldu.Book.springboot.web.PostsApiControllerTest]: no resource found for suffixes {-context.xml, Context.groovy}.
2020-07-21 18:57:30.236  INFO 12388 --- [    Test worker] t.c.s.AnnotationConfigContextLoaderUtils : Could not detect default configuration classes for test class [com.jojoldu.Book.springboot.web.PostsApiControllerTest]: PostsApiControllerTest does not declare any static, non-private, non-final, nested classes annotated with @Configuration.
2020-07-21 18:57:30.238  INFO 12388 --- [    Test worker] .b.t.c.SpringBootTestContextBootstrapper : Found @SpringBootConfiguration com.jojoldu.Book.springboot.Application for test class com.jojoldu.Book.springboot.web.PostsApiControllerTest
2020-07-21 18:57:30.239  INFO 12388 --- [    Test worker] .b.t.c.SpringBootTestContextBootstrapper : Loaded default TestExecutionListener class names from location [META-INF/spring.factories]: [org.springframework.security.test.context.support.WithSecurityContextTestExecutionListener, org.springframework.security.test.context.support.ReactorContextTestExecutionListener, org.springframework.boot.test.autoconfigure.restdocs.RestDocsTestExecutionListener, org.springframework.boot.test.autoconfigure.web.client.MockRestServiceServerResetTestExecutionListener, org.springframework.boot.test.autoconfigure.web.servlet.MockMvcPrintOnlyOnFailureTestExecutionListener, org.springframework.boot.test.autoconfigure.web.servlet.WebDriverTestExecutionListener, org.springframework.boot.test.mock.mockito.MockitoTestExecutionListener, org.springframework.boot.test.mock.mockito.ResetMocksTestExecutionListener, org.springframework.test.context.web.ServletTestExecutionListener, org.springframework.test.context.support.DirtiesContextBeforeModesTestExecutionListener, org.springframework.test.context.support.DependencyInjectionTestExecutionListener, org.springframework.test.context.support.DirtiesContextTestExecutionListener, org.springframework.test.context.transaction.TransactionalTestExecutionListener, org.springframework.test.context.jdbc.SqlScriptsTestExecutionListener]
2020-07-21 18:57:30.241  INFO 12388 --- [    Test worker] .b.t.c.SpringBootTestContextBootstrapper : Using TestExecutionListeners: [org.springframework.test.context.web.ServletTestExecutionListener@225e7c8b, org.springframework.test.context.support.DirtiesContextBeforeModesTestExecutionListener@5d948916, org.springframework.boot.test.mock.mockito.MockitoTestExecutionListener@790c523d, org.springframework.boot.test.autoconfigure.SpringBootDependencyInjectionTestExecutionListener@610ae8f6, org.springframework.test.context.support.DirtiesContextTestExecutionListener@30616a78, org.springframework.test.context.transaction.TransactionalTestExecutionListener@4944895b, org.springframework.test.context.jdbc.SqlScriptsTestExecutionListener@5242b7f4, org.springframework.security.test.context.support.WithSecurityContextTestExecutionListener@64b9a812, org.springframework.security.test.context.support.ReactorContextTestExecutionListener@5fb02c57, org.springframework.boot.test.autoconfigure.restdocs.RestDocsTestExecutionListener@325368ab, org.springframework.boot.test.autoconfigure.web.client.MockRestServiceServerResetTestExecutionListener@75e98402, org.springframework.boot.test.autoconfigure.web.servlet.MockMvcPrintOnlyOnFailureTestExecutionListener@5c394b95, org.springframework.boot.test.autoconfigure.web.servlet.WebDriverTestExecutionListener@2b506d1, org.springframework.boot.test.mock.mockito.ResetMocksTestExecutionListener@2b0a201c]
2020-07-21 18:57:30.251  INFO 12388 --- [    Test worker] o.a.c.c.C.[Tomcat].[localhost].[/]       : Initializing Spring TestDispatcherServlet ''
2020-07-21 18:57:30.251  INFO 12388 --- [    Test worker] o.s.t.web.servlet.TestDispatcherServlet  : Initializing Servlet ''
2020-07-21 18:57:30.254  INFO 12388 --- [    Test worker] o.s.t.web.servlet.TestDispatcherServlet  : Completed initialization in 3 ms
Hibernate: insert into posts (created_date, modiefd_date, author, content, title) values (?, ?, ?, ?, ?)
Hibernate: select posts0_.id as id1_0_, posts0_.created_date as created_2_0_, posts0_.modiefd_date as modiefd_3_0_, posts0_.author as author4_0_, posts0_.content as content5_0_, posts0_.title as title6_0_ from posts posts0_
Hibernate: select posts0_.id as id1_0_, posts0_.created_date as created_2_0_, posts0_.modiefd_date as modiefd_3_0_, posts0_.author as author4_0_, posts0_.content as content5_0_, posts0_.title as title6_0_ from posts posts0_
Hibernate: delete from posts where id=?
2020-07-21 18:57:30.336  INFO 12388 --- [    Test worker] o.a.c.c.C.[Tomcat].[localhost].[/]       : Initializing Spring TestDispatcherServlet ''
2020-07-21 18:57:30.336  INFO 12388 --- [    Test worker] o.s.t.web.servlet.TestDispatcherServlet  : Initializing Servlet ''
2020-07-21 18:57:30.339  INFO 12388 --- [    Test worker] o.s.t.web.servlet.TestDispatcherServlet  : Completed initialization in 3 ms
Hibernate: insert into posts (created_date, modiefd_date, author, content, title) values (?, ?, ?, ?, ?)
Hibernate: select posts0_.id as id1_0_0_, posts0_.created_date as created_2_0_0_, posts0_.modiefd_date as modiefd_3_0_0_, posts0_.author as author4_0_0_, posts0_.content as content5_0_0_, posts0_.title as title6_0_0_ from posts posts0_ where posts0_.id=?
Hibernate: update posts set created_date=?, modiefd_date=?, author=?, content=?, title=? where id=?
Hibernate: select posts0_.id as id1_0_, posts0_.created_date as created_2_0_, posts0_.modiefd_date as modiefd_3_0_, posts0_.author as author4_0_, posts0_.content as content5_0_, posts0_.title as title6_0_ from posts posts0_
Hibernate: select posts0_.id as id1_0_, posts0_.created_date as created_2_0_, posts0_.modiefd_date as modiefd_3_0_, posts0_.author as author4_0_, posts0_.content as content5_0_, posts0_.title as title6_0_ from posts posts0_
Hibernate: delete from posts where id=?
]]></system-out>
  <system-err><![CDATA[]]></system-err>
</testsuite>
