<?xml version="1.0" encoding="UTF-8"?>
<testsuite name="com.jojoldu.Book.springboot.domain.PostsRepositoryTest" tests="2" skipped="0" failures="0" errors="0" timestamp="2020-08-25T04:11:57" hostname="LAPTOP-TMETNOGJ" time="0.18">
  <properties/>
  <testcase name="게시글저장_불러오기" classname="com.jojoldu.Book.springboot.domain.PostsRepositoryTest" time="0.168"/>
  <testcase name="BaseTimeEntity_등록" classname="com.jojoldu.Book.springboot.domain.PostsRepositoryTest" time="0.012"/>
  <system-out><![CDATA[2020-08-25 13:11:54.857  INFO 6116 --- [    Test worker] .b.t.c.SpringBootTestContextBootstrapper : Neither @ContextConfiguration nor @ContextHierarchy found for test class [com.jojoldu.Book.springboot.domain.PostsRepositoryTest], using SpringBootContextLoader
2020-08-25 13:11:54.859  INFO 6116 --- [    Test worker] o.s.t.c.support.AbstractContextLoader    : Could not detect default resource locations for test class [com.jojoldu.Book.springboot.domain.PostsRepositoryTest]: no resource found for suffixes {-context.xml, Context.groovy}.
2020-08-25 13:11:54.859  INFO 6116 --- [    Test worker] t.c.s.AnnotationConfigContextLoaderUtils : Could not detect default configuration classes for test class [com.jojoldu.Book.springboot.domain.PostsRepositoryTest]: PostsRepositoryTest does not declare any static, non-private, non-final, nested classes annotated with @Configuration.
2020-08-25 13:11:54.872  INFO 6116 --- [    Test worker] .b.t.c.SpringBootTestContextBootstrapper : Found @SpringBootConfiguration com.jojoldu.Book.springboot.Application for test class com.jojoldu.Book.springboot.domain.PostsRepositoryTest
2020-08-25 13:11:54.875  INFO 6116 --- [    Test worker] .b.t.c.SpringBootTestContextBootstrapper : Loaded default TestExecutionListener class names from location [META-INF/spring.factories]: [org.springframework.security.test.context.support.WithSecurityContextTestExecutionListener, org.springframework.security.test.context.support.ReactorContextTestExecutionListener, org.springframework.boot.test.autoconfigure.restdocs.RestDocsTestExecutionListener, org.springframework.boot.test.autoconfigure.web.client.MockRestServiceServerResetTestExecutionListener, org.springframework.boot.test.autoconfigure.web.servlet.MockMvcPrintOnlyOnFailureTestExecutionListener, org.springframework.boot.test.autoconfigure.web.servlet.WebDriverTestExecutionListener, org.springframework.boot.test.mock.mockito.MockitoTestExecutionListener, org.springframework.boot.test.mock.mockito.ResetMocksTestExecutionListener, org.springframework.test.context.web.ServletTestExecutionListener, org.springframework.test.context.support.DirtiesContextBeforeModesTestExecutionListener, org.springframework.test.context.support.DependencyInjectionTestExecutionListener, org.springframework.test.context.support.DirtiesContextTestExecutionListener, org.springframework.test.context.transaction.TransactionalTestExecutionListener, org.springframework.test.context.jdbc.SqlScriptsTestExecutionListener]
2020-08-25 13:11:54.876  INFO 6116 --- [    Test worker] .b.t.c.SpringBootTestContextBootstrapper : Using TestExecutionListeners: [org.springframework.test.context.web.ServletTestExecutionListener@9657cbe, org.springframework.test.context.support.DirtiesContextBeforeModesTestExecutionListener@74ff1039, org.springframework.boot.test.mock.mockito.MockitoTestExecutionListener@25ace0fe, org.springframework.boot.test.autoconfigure.SpringBootDependencyInjectionTestExecutionListener@4c20ce1c, org.springframework.test.context.support.DirtiesContextTestExecutionListener@6e02cbaa, org.springframework.test.context.transaction.TransactionalTestExecutionListener@62f0708b, org.springframework.test.context.jdbc.SqlScriptsTestExecutionListener@2019c73b, org.springframework.security.test.context.support.WithSecurityContextTestExecutionListener@6a03bd0a, org.springframework.security.test.context.support.ReactorContextTestExecutionListener@12a4747b, org.springframework.boot.test.autoconfigure.restdocs.RestDocsTestExecutionListener@73313a8c, org.springframework.boot.test.autoconfigure.web.client.MockRestServiceServerResetTestExecutionListener@1dff0bce, org.springframework.boot.test.autoconfigure.web.servlet.MockMvcPrintOnlyOnFailureTestExecutionListener@6a631e96, org.springframework.boot.test.autoconfigure.web.servlet.WebDriverTestExecutionListener@5bd5a80d, org.springframework.boot.test.mock.mockito.ResetMocksTestExecutionListener@21ca1ca1]

  .   ____          _            __ _ _
 /\\ / ___'_ __ _ _(_)_ __  __ _ \ \ \ \
( ( )\___ | '_ | '_| | '_ \/ _` | \ \ \ \
 \\/  ___)| |_)| | | | | || (_| |  ) ) ) )
  '  |____| .__|_| |_|_| |_\__, | / / / /
 =========|_|==============|___/=/_/_/_/
 :: Spring Boot ::        (v2.1.7.RELEASE)

2020-08-25 13:11:54.938  INFO 6116 --- [    Test worker] c.j.B.s.domain.PostsRepositoryTest       : Starting PostsRepositoryTest on LAPTOP-TMETNOGJ with PID 6116 (started by chosu in C:\dev_webStudy\SpringBootWithAWS)
2020-08-25 13:11:54.938  INFO 6116 --- [    Test worker] c.j.B.s.domain.PostsRepositoryTest       : No active profile set, falling back to default profiles: default
2020-08-25 13:11:55.330  INFO 6116 --- [    Test worker] .s.d.r.c.RepositoryConfigurationDelegate : Bootstrapping Spring Data repositories in DEFAULT mode.
2020-08-25 13:11:55.375  INFO 6116 --- [    Test worker] .s.d.r.c.RepositoryConfigurationDelegate : Finished Spring Data repository scanning in 45ms. Found 2 repository interfaces.
2020-08-25 13:11:55.537  INFO 6116 --- [    Test worker] trationDelegate$BeanPostProcessorChecker : Bean 'org.springframework.transaction.annotation.ProxyTransactionManagementConfiguration' of type [org.springframework.transaction.annotation.ProxyTransactionManagementConfiguration$$EnhancerBySpringCGLIB$$7ce6dd02] is not eligible for getting processed by all BeanPostProcessors (for example: not eligible for auto-proxying)
2020-08-25 13:11:55.656  INFO 6116 --- [    Test worker] com.zaxxer.hikari.HikariDataSource       : HikariPool-2 - Starting...
2020-08-25 13:11:55.658  INFO 6116 --- [    Test worker] com.zaxxer.hikari.HikariDataSource       : HikariPool-2 - Start completed.
2020-08-25 13:11:55.712  INFO 6116 --- [    Test worker] o.hibernate.jpa.internal.util.LogHelper  : HHH000204: Processing PersistenceUnitInfo [
	name: default
	...]
2020-08-25 13:11:55.729  INFO 6116 --- [    Test worker] org.hibernate.dialect.Dialect            : HHH000400: Using dialect: org.hibernate.dialect.MySQL5InnoDBDialect
Hibernate: drop table if exists posts
Hibernate: drop table if exists user
Hibernate: create table posts (id bigint not null auto_increment, created_date datetime, modiefd_date datetime, author varchar(255), content TEXT not null, title varchar(500) not null, primary key (id)) engine=InnoDB
Hibernate: create table user (id bigint not null auto_increment, created_date datetime, modiefd_date datetime, email varchar(255) not null, name varchar(255) not null, picture varchar(255), role varchar(255) not null, primary key (id)) engine=InnoDB
2020-08-25 13:11:55.795  INFO 6116 --- [    Test worker] o.h.t.schema.internal.SchemaCreatorImpl  : HHH000476: Executing import script 'org.hibernate.tool.schema.internal.exec.ScriptSourceInputNonExistentImpl@4a451990'
2020-08-25 13:11:55.795  INFO 6116 --- [    Test worker] j.LocalContainerEntityManagerFactoryBean : Initialized JPA EntityManagerFactory for persistence unit 'default'
2020-08-25 13:11:56.095  INFO 6116 --- [    Test worker] o.h.h.i.QueryTranslatorFactoryInitiator  : HHH000397: Using ASTQueryTranslatorFactory
2020-08-25 13:11:56.317  INFO 6116 --- [    Test worker] o.s.s.web.DefaultSecurityFilterChain     : Creating filter chain: any request, [org.springframework.security.web.context.request.async.WebAsyncManagerIntegrationFilter@dd903fd, org.springframework.security.web.context.SecurityContextPersistenceFilter@50605f35, org.springframework.security.web.header.HeaderWriterFilter@463285bb, org.springframework.security.web.authentication.logout.LogoutFilter@6c892610, org.springframework.security.oauth2.client.web.OAuth2AuthorizationRequestRedirectFilter@7e002c8a, org.springframework.security.oauth2.client.web.OAuth2LoginAuthenticationFilter@6b7bb50f, org.springframework.security.web.authentication.ui.DefaultLoginPageGeneratingFilter@3e425f1a, org.springframework.security.web.authentication.ui.DefaultLogoutPageGeneratingFilter@75096cc0, org.springframework.security.web.savedrequest.RequestCacheAwareFilter@3fd96269, org.springframework.security.web.servletapi.SecurityContextHolderAwareRequestFilter@6d942774, org.springframework.security.web.authentication.AnonymousAuthenticationFilter@a126a97, org.springframework.security.web.session.SessionManagementFilter@538010ac, org.springframework.security.web.access.ExceptionTranslationFilter@349b69b1, org.springframework.security.web.access.intercept.FilterSecurityInterceptor@a1e46c0]
2020-08-25 13:11:56.743  INFO 6116 --- [    Test worker] o.s.s.concurrent.ThreadPoolTaskExecutor  : Initializing ExecutorService 'applicationTaskExecutor'
2020-08-25 13:11:56.761  WARN 6116 --- [    Test worker] aWebConfiguration$JpaWebMvcConfiguration : spring.jpa.open-in-view is enabled by default. Therefore, database queries may be performed during view rendering. Explicitly configure spring.jpa.open-in-view to disable this warning
2020-08-25 13:11:56.802  INFO 6116 --- [    Test worker] o.s.b.a.w.s.WelcomePageHandlerMapping    : Adding welcome page template: index
2020-08-25 13:11:57.324  INFO 6116 --- [    Test worker] s.a.ScheduledAnnotationBeanPostProcessor : No TaskScheduler/ScheduledExecutorService bean found for scheduled processing
2020-08-25 13:11:57.325  INFO 6116 --- [    Test worker] c.j.B.s.domain.PostsRepositoryTest       : Started PostsRepositoryTest in 2.437 seconds (JVM running for 11.302)
Hibernate: insert into posts (created_date, modiefd_date, author, content, title) values (?, ?, ?, ?, ?)
Hibernate: select posts0_.id as id1_0_, posts0_.created_date as created_2_0_, posts0_.modiefd_date as modiefd_3_0_, posts0_.author as author4_0_, posts0_.content as content5_0_, posts0_.title as title6_0_ from posts posts0_
Hibernate: select posts0_.id as id1_0_, posts0_.created_date as created_2_0_, posts0_.modiefd_date as modiefd_3_0_, posts0_.author as author4_0_, posts0_.content as content5_0_, posts0_.title as title6_0_ from posts posts0_
Hibernate: delete from posts where id=?
Hibernate: insert into posts (created_date, modiefd_date, author, content, title) values (?, ?, ?, ?, ?)
Hibernate: select posts0_.id as id1_0_, posts0_.created_date as created_2_0_, posts0_.modiefd_date as modiefd_3_0_, posts0_.author as author4_0_, posts0_.content as content5_0_, posts0_.title as title6_0_ from posts posts0_
>>>>> createDate = 2020-08-25T13:11:57.512, modefiedData = 2020-08-25T13:11:57.512
Hibernate: select posts0_.id as id1_0_, posts0_.created_date as created_2_0_, posts0_.modiefd_date as modiefd_3_0_, posts0_.author as author4_0_, posts0_.content as content5_0_, posts0_.title as title6_0_ from posts posts0_
Hibernate: delete from posts where id=?
]]></system-out>
  <system-err><![CDATA[]]></system-err>
</testsuite>
